\BOOKMARK [1][-]{section*.1}{\376\377\000I\000n\000t\000r\000o\000d\000u\000c\000t\000i\000o\000n}{}% 1
\BOOKMARK [1][-]{section*.2}{\376\377\000P\000h\000a\000s\000e\000\040\0001}{}% 2
\BOOKMARK [2][-]{section*.3}{\376\377\000T\000a\000s\000k\000\040\0001}{section*.2}% 3
\BOOKMARK [2][-]{section*.6}{\376\377\000T\000a\000s\000k\000\040\0002}{section*.2}% 4
\BOOKMARK [2][-]{section*.8}{\376\377\000T\000a\000s\000k\000\040\0003}{section*.2}% 5
\BOOKMARK [2][-]{section*.10}{\376\377\000T\000a\000s\000k\000\040\0004}{section*.2}% 6
\BOOKMARK [2][-]{section*.12}{\376\377\000T\000a\000s\000k\000\040\0005}{section*.2}% 7
\BOOKMARK [2][-]{section*.15}{\376\377\000T\000a\000s\000k\000\040\0006}{section*.2}% 8
\BOOKMARK [2][-]{section*.17}{\376\377\000T\000a\000s\000k\000\040\0007}{section*.2}% 9
\BOOKMARK [1][-]{section*.19}{\376\377\000P\000h\000a\000s\000e\000\040\0002}{}% 10
\BOOKMARK [2][-]{section*.20}{\376\377\000C\000l\000e\000a\000n\000i\000n\000g\000\040\000t\000h\000e\000\040\000d\000a\000t\000a}{section*.19}% 11
\BOOKMARK [2][-]{section*.21}{\376\377\000B\000a\000g\000\040\000O\000f\000\040\000W\000o\000r\000d\000s}{section*.19}% 12
\BOOKMARK [2][-]{section*.22}{\376\377\000S\000u\000p\000p\000o\000r\000t\000\040\000V\000e\000c\000t\000o\000r\000\040\000M\000a\000c\000h\000i\000n\000e\000\040\000\050\000S\000V\000M\000\051}{section*.19}% 13
\BOOKMARK [2][-]{section*.24}{\376\377\000R\000a\000n\000d\000o\000m\000\040\000F\000o\000r\000e\000s\000t}{section*.19}% 14
\BOOKMARK [2][-]{section*.26}{\376\377\000T\000F\000-\000I\000D\000F}{section*.19}% 15
\BOOKMARK [2][-]{section*.27}{\376\377\000S\000u\000p\000p\000o\000r\000t\000\040\000V\000e\000c\000t\000o\000r\000\040\000M\000a\000c\000h\000i\000n\000e\000\040\000\050\000S\000V\000M\000\051}{section*.19}% 16
\BOOKMARK [2][-]{section*.29}{\376\377\000R\000a\000n\000d\000o\000m\000\040\000F\000o\000r\000e\000s\000t}{section*.19}% 17
\BOOKMARK [2][-]{section*.31}{\376\377\000S\000p\000a\000C\000y}{section*.19}% 18
\BOOKMARK [2][-]{section*.33}{\376\377\000F\000i\000n\000e\000-\000t\000u\000n\000i\000n\000g\000\040\000H\000u\000g\000g\000i\000n\000g\000F\000a\000c\000e\000:\000\040\000D\000i\000s\000t\000i\000l\000-\000B\000E\000R\000T}{section*.19}% 19
\BOOKMARK [2][-]{section*.35}{\376\377\000C\000o\000m\000p\000a\000r\000i\000s\000o\000n\000\040\000o\000f\000\040\000M\000o\000d\000e\000l\000s}{section*.19}% 20
\BOOKMARK [1][-]{section*.36}{\376\377\000P\000h\000a\000s\000e\000\040\0003}{}% 21
\BOOKMARK [2][-]{section*.37}{\376\377\000A\000p\000p\000l\000y\000i\000n\000g\000\040\000C\000l\000a\000s\000s\000i\000f\000i\000e\000r\000s}{section*.36}% 22
\BOOKMARK [2][-]{section*.38}{\376\377\000P\000e\000a\000r\000s\000o\000n\000\040\000a\000n\000d\000\040\000S\000p\000e\000a\000r\000m\000a\000n\000\040\000C\000o\000r\000r\000e\000l\000a\000t\000i\000o\000n}{section*.36}% 23
\BOOKMARK [2][-]{section*.41}{\376\377\000C\000l\000a\000s\000s\000i\000f\000i\000e\000r\000\040\000C\000o\000n\000f\000l\000i\000c\000t\000s}{section*.36}% 24
\BOOKMARK [2][-]{section*.43}{\376\377\000D\000i\000s\000c\000u\000s\000s\000i\000o\000n}{section*.36}% 25
\BOOKMARK [1][-]{section*.44}{\376\377\000B\000o\000n\000u\000s\000\040\000T\000i\000m\000e\000!}{}% 26
\BOOKMARK [2][-]{section*.45}{\376\377\000W\000e\000b\000-\000C\000r\000a\000w\000l\000e\000r}{section*.44}% 27
